<?xml version="1.0" encoding="UTF-8"?>
<!-- Generated by org.testng.reporters.JUnitXMLReporter -->
<testsuite ignored="0" hostname="MSI" failures="0" tests="6" name="Default test" time="46.893" errors="0" timestamp="2024-07-24T06:10:10 IST">
  <testcase classname="TestScriptss.RegisterTest" name="register_001" time="6.127"/>
  <testcase classname="TestScriptss.RegisterTest" name="register_001" time="6.976"/>
  <testcase classname="TestScriptss.RegisterTest" name="register_001" time="6.095"/>
  <testcase classname="TestScriptss.RegisterTest" name="register_001" time="6.773"/>
  <testcase classname="TestScriptss.RegisterTest" name="register_001" time="6.014"/>
  <testcase classname="TestScriptss.RegisterTest" name="register_001" time="6.816"/>
</testsuite> <!-- Default test -->
