<?xml version="1.0" encoding="UTF-8"?>
<testng-results ignored="0" total="6" passed="6" failed="0" skipped="0">
  <reporter-output>
  </reporter-output>
  <suite started-at="2024-07-24T06:09:24 IST" name="Default suite" finished-at="2024-07-24T06:10:10 IST" duration-ms="46893">
    <groups>
    </groups>
    <test started-at="2024-07-24T06:09:24 IST" name="Default test" finished-at="2024-07-24T06:10:10 IST" duration-ms="46893">
      <class name="TestScriptss.RegisterTest">
        <test-method is-config="true" signature="bs()[pri:0, instance:TestScriptss.RegisterTest@702657cc]" started-at="2024-07-24T06:09:23 IST" name="bs" finished-at="2024-07-24T06:09:24 IST" duration-ms="153" status="PASS">
          <reporter-output>
          </reporter-output>
        </test-method> <!-- bs -->
        <test-method is-config="true" signature="bt()[pri:0, instance:TestScriptss.RegisterTest@702657cc]" started-at="2024-07-24T06:09:24 IST" name="bt" finished-at="2024-07-24T06:09:24 IST" duration-ms="0" status="PASS">
          <reporter-output>
          </reporter-output>
        </test-method> <!-- bt -->
        <test-method is-config="true" signature="bc()[pri:0, instance:TestScriptss.RegisterTest@702657cc]" started-at="2024-07-24T06:09:24 IST" name="bc" finished-at="2024-07-24T06:09:31 IST" duration-ms="7152" status="PASS">
          <reporter-output>
          </reporter-output>
        </test-method> <!-- bc -->
        <test-method is-config="true" signature="bm(java.lang.reflect.Method)[pri:0, instance:TestScriptss.RegisterTest@702657cc]" started-at="2024-07-24T06:09:31 IST" name="bm" finished-at="2024-07-24T06:09:31 IST" duration-ms="2" status="PASS">
          <params>
            <param index="0">
              <value>
                <![CDATA[public void TestScriptss.RegisterTest.register_001(java.lang.String,java.lang.String,java.lang.String,java.lang.String,java.lang.String) throws java.lang.InterruptedException]]>
              </value>
            </param>
          </params>
          <reporter-output>
          </reporter-output>
        </test-method> <!-- bm -->
        <test-method signature="register_001(java.lang.String,java.lang.String,java.lang.String,java.lang.String,java.lang.String)[pri:0, instance:TestScriptss.RegisterTest@702657cc]" started-at="2024-07-24T06:09:31 IST" name="register_001" data-provider="regdata" finished-at="2024-07-24T06:09:37 IST" duration-ms="6127" status="PASS">
          <params>
            <param index="0">
              <value>
                <![CDATA[G P]]>
              </value>
            </param>
            <param index="1">
              <value>
                <![CDATA[Muthu]]>
              </value>
            </param>
            <param index="2">
              <value>
                <![CDATA[muthu@gmail.com]]>
              </value>
            </param>
            <param index="3">
              <value>
                <![CDATA[muthu@143]]>
              </value>
            </param>
            <param index="4">
              <value>
                <![CDATA[muthu@143]]>
              </value>
            </param>
          </params>
          <reporter-output>
          </reporter-output>
        </test-method> <!-- register_001 -->
        <test-method is-config="true" signature="am()[pri:0, instance:TestScriptss.RegisterTest@702657cc]" started-at="2024-07-24T06:09:37 IST" name="am" finished-at="2024-07-24T06:09:38 IST" duration-ms="201" status="PASS">
          <reporter-output>
          </reporter-output>
        </test-method> <!-- am -->
        <test-method is-config="true" signature="bm(java.lang.reflect.Method)[pri:0, instance:TestScriptss.RegisterTest@702657cc]" started-at="2024-07-24T06:09:38 IST" name="bm" finished-at="2024-07-24T06:09:38 IST" duration-ms="1" status="PASS">
          <params>
            <param index="0">
              <value>
                <![CDATA[public void TestScriptss.RegisterTest.register_001(java.lang.String,java.lang.String,java.lang.String,java.lang.String,java.lang.String) throws java.lang.InterruptedException]]>
              </value>
            </param>
          </params>
          <reporter-output>
          </reporter-output>
        </test-method> <!-- bm -->
        <test-method signature="register_001(java.lang.String,java.lang.String,java.lang.String,java.lang.String,java.lang.String)[pri:0, instance:TestScriptss.RegisterTest@702657cc]" started-at="2024-07-24T06:09:38 IST" name="register_001" data-provider="regdata" finished-at="2024-07-24T06:09:45 IST" duration-ms="6976" status="PASS">
          <params>
            <param index="0">
              <value>
                <![CDATA[Harsha sir]]>
              </value>
            </param>
            <param index="1">
              <value>
                <![CDATA[Shanti Mam]]>
              </value>
            </param>
            <param index="2">
              <value>
                <![CDATA[hash@gmail.com]]>
              </value>
            </param>
            <param index="3">
              <value>
                <![CDATA[hash@143]]>
              </value>
            </param>
            <param index="4">
              <value>
                <![CDATA[hash@143]]>
              </value>
            </param>
          </params>
          <reporter-output>
          </reporter-output>
        </test-method> <!-- register_001 -->
        <test-method is-config="true" signature="am()[pri:0, instance:TestScriptss.RegisterTest@702657cc]" started-at="2024-07-24T06:09:45 IST" name="am" finished-at="2024-07-24T06:09:45 IST" duration-ms="32" status="PASS">
          <reporter-output>
          </reporter-output>
        </test-method> <!-- am -->
        <test-method is-config="true" signature="bm(java.lang.reflect.Method)[pri:0, instance:TestScriptss.RegisterTest@702657cc]" started-at="2024-07-24T06:09:45 IST" name="bm" finished-at="2024-07-24T06:09:45 IST" duration-ms="1" status="PASS">
          <params>
            <param index="0">
              <value>
                <![CDATA[public void TestScriptss.RegisterTest.register_001(java.lang.String,java.lang.String,java.lang.String,java.lang.String,java.lang.String) throws java.lang.InterruptedException]]>
              </value>
            </param>
          </params>
          <reporter-output>
          </reporter-output>
        </test-method> <!-- bm -->
        <test-method signature="register_001(java.lang.String,java.lang.String,java.lang.String,java.lang.String,java.lang.String)[pri:0, instance:TestScriptss.RegisterTest@702657cc]" started-at="2024-07-24T06:09:45 IST" name="register_001" data-provider="regdata" finished-at="2024-07-24T06:09:51 IST" duration-ms="6095" status="PASS">
          <params>
            <param index="0">
              <value>
                <![CDATA[Tabrez]]>
              </value>
            </param>
            <param index="1">
              <value>
                <![CDATA[Sheela]]>
              </value>
            </param>
            <param index="2">
              <value>
                <![CDATA[tabshee@gmail.com]]>
              </value>
            </param>
            <param index="3">
              <value>
                <![CDATA[tabshee@143]]>
              </value>
            </param>
            <param index="4">
              <value>
                <![CDATA[tabshee@143]]>
              </value>
            </param>
          </params>
          <reporter-output>
          </reporter-output>
        </test-method> <!-- register_001 -->
        <test-method is-config="true" signature="am()[pri:0, instance:TestScriptss.RegisterTest@702657cc]" started-at="2024-07-24T06:09:51 IST" name="am" finished-at="2024-07-24T06:09:51 IST" duration-ms="27" status="PASS">
          <reporter-output>
          </reporter-output>
        </test-method> <!-- am -->
        <test-method signature="register_001(java.lang.String,java.lang.String,java.lang.String,java.lang.String,java.lang.String)[pri:0, instance:TestScriptss.RegisterTest@702657cc]" started-at="2024-07-24T06:09:51 IST" name="register_001" data-provider="regdata" finished-at="2024-07-24T06:09:58 IST" duration-ms="6773" status="PASS">
          <params>
            <param index="0">
              <value>
                <![CDATA[Swathi]]>
              </value>
            </param>
            <param index="1">
              <value>
                <![CDATA[K]]>
              </value>
            </param>
            <param index="2">
              <value>
                <![CDATA[SwathiLoveK@gmail.com]]>
              </value>
            </param>
            <param index="3">
              <value>
                <![CDATA[swathiK@143]]>
              </value>
            </param>
            <param index="4">
              <value>
                <![CDATA[swathiK@143]]>
              </value>
            </param>
          </params>
          <reporter-output>
          </reporter-output>
        </test-method> <!-- register_001 -->
        <test-method is-config="true" signature="bm(java.lang.reflect.Method)[pri:0, instance:TestScriptss.RegisterTest@702657cc]" started-at="2024-07-24T06:09:51 IST" name="bm" finished-at="2024-07-24T06:09:51 IST" duration-ms="0" status="PASS">
          <params>
            <param index="0">
              <value>
                <![CDATA[public void TestScriptss.RegisterTest.register_001(java.lang.String,java.lang.String,java.lang.String,java.lang.String,java.lang.String) throws java.lang.InterruptedException]]>
              </value>
            </param>
          </params>
          <reporter-output>
          </reporter-output>
        </test-method> <!-- bm -->
        <test-method is-config="true" signature="am()[pri:0, instance:TestScriptss.RegisterTest@702657cc]" started-at="2024-07-24T06:09:58 IST" name="am" finished-at="2024-07-24T06:09:58 IST" duration-ms="21" status="PASS">
          <reporter-output>
          </reporter-output>
        </test-method> <!-- am -->
        <test-method is-config="true" signature="bm(java.lang.reflect.Method)[pri:0, instance:TestScriptss.RegisterTest@702657cc]" started-at="2024-07-24T06:09:58 IST" name="bm" finished-at="2024-07-24T06:09:58 IST" duration-ms="0" status="PASS">
          <params>
            <param index="0">
              <value>
                <![CDATA[public void TestScriptss.RegisterTest.register_001(java.lang.String,java.lang.String,java.lang.String,java.lang.String,java.lang.String) throws java.lang.InterruptedException]]>
              </value>
            </param>
          </params>
          <reporter-output>
          </reporter-output>
        </test-method> <!-- bm -->
        <test-method signature="register_001(java.lang.String,java.lang.String,java.lang.String,java.lang.String,java.lang.String)[pri:0, instance:TestScriptss.RegisterTest@702657cc]" started-at="2024-07-24T06:09:58 IST" name="register_001" data-provider="regdata" finished-at="2024-07-24T06:10:04 IST" duration-ms="6014" status="PASS">
          <params>
            <param index="0">
              <value>
                <![CDATA[Nandan]]>
              </value>
            </param>
            <param index="1">
              <value>
                <![CDATA[AtoZ]]>
              </value>
            </param>
            <param index="2">
              <value>
                <![CDATA[AtoZ@gmail.com]]>
              </value>
            </param>
            <param index="3">
              <value>
                <![CDATA[atoz@143]]>
              </value>
            </param>
            <param index="4">
              <value>
                <![CDATA[atoz@143]]>
              </value>
            </param>
          </params>
          <reporter-output>
          </reporter-output>
        </test-method> <!-- register_001 -->
        <test-method is-config="true" signature="am()[pri:0, instance:TestScriptss.RegisterTest@702657cc]" started-at="2024-07-24T06:10:04 IST" name="am" finished-at="2024-07-24T06:10:04 IST" duration-ms="23" status="PASS">
          <reporter-output>
          </reporter-output>
        </test-method> <!-- am -->
        <test-method is-config="true" signature="bm(java.lang.reflect.Method)[pri:0, instance:TestScriptss.RegisterTest@702657cc]" started-at="2024-07-24T06:10:04 IST" name="bm" finished-at="2024-07-24T06:10:04 IST" duration-ms="0" status="PASS">
          <params>
            <param index="0">
              <value>
                <![CDATA[public void TestScriptss.RegisterTest.register_001(java.lang.String,java.lang.String,java.lang.String,java.lang.String,java.lang.String) throws java.lang.InterruptedException]]>
              </value>
            </param>
          </params>
          <reporter-output>
          </reporter-output>
        </test-method> <!-- bm -->
        <test-method signature="register_001(java.lang.String,java.lang.String,java.lang.String,java.lang.String,java.lang.String)[pri:0, instance:TestScriptss.RegisterTest@702657cc]" started-at="2024-07-24T06:10:04 IST" name="register_001" data-provider="regdata" finished-at="2024-07-24T06:10:10 IST" duration-ms="6816" status="PASS">
          <params>
            <param index="0">
              <value>
                <![CDATA[Gokul]]>
              </value>
            </param>
            <param index="1">
              <value>
                <![CDATA[Bharath]]>
              </value>
            </param>
            <param index="2">
              <value>
                <![CDATA[gocool@gmail.com]]>
              </value>
            </param>
            <param index="3">
              <value>
                <![CDATA[cool@143]]>
              </value>
            </param>
            <param index="4">
              <value>
                <![CDATA[cool@143]]>
              </value>
            </param>
          </params>
          <reporter-output>
          </reporter-output>
        </test-method> <!-- register_001 -->
        <test-method is-config="true" signature="am()[pri:0, instance:TestScriptss.RegisterTest@702657cc]" started-at="2024-07-24T06:10:10 IST" name="am" finished-at="2024-07-24T06:10:10 IST" duration-ms="30" status="PASS">
          <reporter-output>
          </reporter-output>
        </test-method> <!-- am -->
        <test-method is-config="true" signature="ac()[pri:0, instance:TestScriptss.RegisterTest@702657cc]" started-at="2024-07-24T06:10:10 IST" name="ac" finished-at="2024-07-24T06:10:10 IST" duration-ms="1" status="PASS">
          <reporter-output>
          </reporter-output>
        </test-method> <!-- ac -->
        <test-method is-config="true" signature="at()[pri:0, instance:TestScriptss.RegisterTest@702657cc]" started-at="2024-07-24T06:10:10 IST" name="at" finished-at="2024-07-24T06:10:10 IST" duration-ms="1" status="PASS">
          <reporter-output>
          </reporter-output>
        </test-method> <!-- at -->
        <test-method is-config="true" signature="as()[pri:0, instance:TestScriptss.RegisterTest@702657cc]" started-at="2024-07-24T06:10:10 IST" name="as" finished-at="2024-07-24T06:10:11 IST" duration-ms="50" status="PASS">
          <reporter-output>
          </reporter-output>
        </test-method> <!-- as -->
      </class> <!-- TestScriptss.RegisterTest -->
    </test> <!-- Default test -->
  </suite> <!-- Default suite -->
</testng-results>
